-------------------------------------------------------------------------------
Test set: Login Functionality
-------------------------------------------------------------------------------
Tests run: 6, Failures: 4, Errors: 2, Skipped: 0, Time elapsed: 78.70 s <<< FAILURE! -- in Login Functionality
Login Functionality.Successful login with valid credentials -- Time elapsed: 15.46 s <<< ERROR!
org.openqa.selenium.TimeoutException: 
Expected condition failed: waiting for com.thinkingtesters.steps.LoginSteps$$Lambda/0x00007fff01414df8@6f2ec0b3 (tried for 10 second(s) with 500 milliseconds interval)
Build info: version: '4.16.1', revision: '9b4c83354e'
System info: os.name: 'Mac OS X', os.arch: 'aarch64', os.version: '14.5', java.version: '23'
Driver info: org.openqa.selenium.chrome.ChromeDriver
Capabilities {acceptInsecureCerts: false, browserName: chrome, browserVersion: 132.0.6834.160, chrome: {chromedriverVersion: 132.0.6834.159 (2d77d3fc445..., userDataDir: /var/folders/kv/vhp5lr_x4sn...}, fedcm:accounts: true, goog:chromeOptions: {debuggerAddress: localhost:57565}, networkConnectionEnabled: false, pageLoadStrategy: normal, platformName: mac, proxy: Proxy(), se:cdp: ws://localhost:57565/devtoo..., se:cdpVersion: 132.0.6834.160, setWindowRect: true, strictFileInteractability: false, timeouts: {implicit: 0, pageLoad: 300000, script: 30000}, unhandledPromptBehavior: dismiss and notify, webauthn:extension:credBlob: true, webauthn:extension:largeBlob: true, webauthn:extension:minPinLength: true, webauthn:extension:prf: true, webauthn:virtualAuthenticators: true}
Session ID: 8dc0f9ba252a0c40585c573076c7e130
	at org.openqa.selenium.support.ui.WebDriverWait.timeoutException(WebDriverWait.java:84)
	at org.openqa.selenium.support.ui.FluentWait.until(FluentWait.java:229)
	at com.thinkingtesters.steps.LoginSteps.iShouldBeLoggedInSuccessfully(LoginSteps.java:56)
	at ✽.I should be logged in successfully(file:///Users/suleymankirkil/IdeaProjects/AkilliProje/src/test/resources/features/login.feature:13)

Login Functionality.Failed login with invalid credentials #1 -- Time elapsed: 12.78 s <<< FAILURE!
org.junit.ComparisonFailure: 
[Error message should be displayed] 
Expecting value to be true but was false expected:<[tru]e> but was:<[fals]e>
	at java.base/jdk.internal.reflect.DirectConstructorHandleAccessor.newInstance(DirectConstructorHandleAccessor.java:62)
	at java.base/java.lang.reflect.Constructor.newInstanceWithCaller(Constructor.java:501)
	at com.thinkingtesters.steps.LoginSteps.iShouldSeeAnErrorMessage(LoginSteps.java:64)
	at ✽.I should see a login error message "Incorrect email address or password"(file:///Users/suleymankirkil/IdeaProjects/AkilliProje/src/test/resources/features/login.feature:19)

Login Functionality.Failed login with invalid credentials #2 -- Time elapsed: 12.53 s <<< FAILURE!
org.junit.ComparisonFailure: 
[Error message should be displayed] 
Expecting value to be true but was false expected:<[tru]e> but was:<[fals]e>
	at java.base/jdk.internal.reflect.DirectConstructorHandleAccessor.newInstance(DirectConstructorHandleAccessor.java:62)
	at java.base/java.lang.reflect.Constructor.newInstanceWithCaller(Constructor.java:501)
	at com.thinkingtesters.steps.LoginSteps.iShouldSeeAnErrorMessage(LoginSteps.java:64)
	at ✽.I should see a login error message "Incorrect email address or password"(file:///Users/suleymankirkil/IdeaProjects/AkilliProje/src/test/resources/features/login.feature:19)

Login Functionality.Failed login with invalid credentials #3 -- Time elapsed: 12.81 s <<< FAILURE!
org.junit.ComparisonFailure: 
[Error message should be displayed] 
Expecting value to be true but was false expected:<[tru]e> but was:<[fals]e>
	at java.base/jdk.internal.reflect.DirectConstructorHandleAccessor.newInstance(DirectConstructorHandleAccessor.java:62)
	at java.base/java.lang.reflect.Constructor.newInstanceWithCaller(Constructor.java:501)
	at com.thinkingtesters.steps.LoginSteps.iShouldSeeAnErrorMessage(LoginSteps.java:64)
	at ✽.I should see a login error message "Email is required"(file:///Users/suleymankirkil/IdeaProjects/AkilliProje/src/test/resources/features/login.feature:19)

Login Functionality.Failed login with invalid credentials #4 -- Time elapsed: 12.66 s <<< FAILURE!
org.junit.ComparisonFailure: 
[Error message should be displayed] 
Expecting value to be true but was false expected:<[tru]e> but was:<[fals]e>
	at java.base/jdk.internal.reflect.DirectConstructorHandleAccessor.newInstance(DirectConstructorHandleAccessor.java:62)
	at java.base/java.lang.reflect.Constructor.newInstanceWithCaller(Constructor.java:501)
	at com.thinkingtesters.steps.LoginSteps.iShouldSeeAnErrorMessage(LoginSteps.java:64)
	at ✽.I should see a login error message "Password is required"(file:///Users/suleymankirkil/IdeaProjects/AkilliProje/src/test/resources/features/login.feature:19)

Login Functionality.Navigate to sign up page -- Time elapsed: 12.45 s <<< ERROR!
org.openqa.selenium.TimeoutException: 
Expected condition failed: waiting for element to be clickable: By.cssSelector: a[href='/addUser'] (tried for 10 second(s) with 500 milliseconds interval)
Build info: version: '4.16.1', revision: '9b4c83354e'
System info: os.name: 'Mac OS X', os.arch: 'aarch64', os.version: '14.5', java.version: '23'
Driver info: org.openqa.selenium.chrome.ChromeDriver
Capabilities {acceptInsecureCerts: false, browserName: chrome, browserVersion: 132.0.6834.160, chrome: {chromedriverVersion: 132.0.6834.159 (2d77d3fc445..., userDataDir: /var/folders/kv/vhp5lr_x4sn...}, fedcm:accounts: true, goog:chromeOptions: {debuggerAddress: localhost:57964}, networkConnectionEnabled: false, pageLoadStrategy: normal, platformName: mac, proxy: Proxy(), se:cdp: ws://localhost:57964/devtoo..., se:cdpVersion: 132.0.6834.160, setWindowRect: true, strictFileInteractability: false, timeouts: {implicit: 0, pageLoad: 300000, script: 30000}, unhandledPromptBehavior: dismiss and notify, webauthn:extension:credBlob: true, webauthn:extension:largeBlob: true, webauthn:extension:minPinLength: true, webauthn:extension:prf: true, webauthn:virtualAuthenticators: true}
Session ID: 875f1ef347e764a2794f5fa6ccb4f83d
	at org.openqa.selenium.support.ui.WebDriverWait.timeoutException(WebDriverWait.java:84)
	at org.openqa.selenium.support.ui.FluentWait.until(FluentWait.java:229)
	at com.thinkingtesters.pages.BasePage.waitForElementClickable(BasePage.java:35)
	at com.thinkingtesters.pages.BasePage.click(BasePage.java:44)
	at com.thinkingtesters.pages.LoginPage.clickSignUpLink(LoginPage.java:35)
	at com.thinkingtesters.steps.LoginSteps.iClickOnTheSignUpLink(LoginSteps.java:50)
	at ✽.I click on the sign up link(file:///Users/suleymankirkil/IdeaProjects/AkilliProje/src/test/resources/features/login.feature:29)

